<?xml version="1.0" encoding="UTF-8"?>
<!-- Generated by org.testng.reporters.JUnitReportReporter -->
<testsuite hostname="Nishchal-Ghimire9" failures="0" tests="5" name="com.tutorials.qa.testcases.RegistrationTest" time="30.913" errors="0" timestamp="2023-06-01T11:40:03 EDT" skipped="0">
  <testcase classname="com.tutorials.qa.testcases.RegistrationTest" name="registerAccountWithMandatoryField" time="5.650"/>
  <system-out/>
  <testcase classname="com.tutorials.qa.testcases.RegistrationTest" name="registerWithExistingEmail" time="5.318"/>
  <system-out/>
  <testcase classname="com.tutorials.qa.testcases.RegistrationTest" name="registerAccountWithAllField" time="5.652"/>
  <system-out/>
  <testcase classname="com.tutorials.qa.testcases.RegistrationTest" name="registerAccountWithoutaggreingPrivacyPolicy" time="9.058"/>
  <system-out/>
  <testcase classname="com.tutorials.qa.testcases.RegistrationTest" name="registerAccountWithNofeilds" time="5.235"/>
  <system-out/>
</testsuite> <!-- com.tutorials.qa.testcases.RegistrationTest -->
