<?xml version="1.0" encoding="UTF-8"?>
<!-- Generated by org.testng.reporters.JUnitReportReporter -->
<testsuite hostname="Nishchal-Ghimire9" failures="0" tests="3" name="com.tutorials.qa.testcases.SearchProductTest" time="11.413" errors="0" timestamp="2023-06-01T11:40:03 EDT" skipped="0">
  <testcase classname="com.tutorials.qa.testcases.SearchProductTest" name="SearchWithValidProduct" time="3.862"/>
  <system-out/>
  <testcase classname="com.tutorials.qa.testcases.SearchProductTest" name="SearchWithINValidProduct" time="3.844"/>
  <system-out/>
  <testcase classname="com.tutorials.qa.testcases.SearchProductTest" name="SearchWithNoProduct" time="3.707"/>
  <system-out/>
</testsuite> <!-- com.tutorials.qa.testcases.SearchProductTest -->
