<?xml version="1.0" encoding="UTF-8"?>
<!-- Generated by org.testng.reporters.JUnitReportReporter -->
<testsuite hostname="Nishchal-Ghimire9" failures="0" tests="14" name="com.tutorials.qa.testcases.LoginTest" time="68.825" errors="0" timestamp="2023-06-01T11:40:03 EDT" skipped="0">
  <testcase classname="com.tutorials.qa.testcases.LoginTest" name="VerifyLoginWithValidCredentials" time="5.259"/>
  <system-out/>
  <testcase classname="com.tutorials.qa.testcases.LoginTest" name="VerifyLoginWithValidCredentials" time="4.901"/>
  <system-out/>
  <testcase classname="com.tutorials.qa.testcases.LoginTest" name="VerifyLoginWithValidCredentials" time="4.859"/>
  <system-out/>
  <testcase classname="com.tutorials.qa.testcases.LoginTest" name="VerifyLoginWithValidCredentials" time="5.013"/>
  <system-out/>
  <testcase classname="com.tutorials.qa.testcases.LoginTest" name="VerifyLoginWithValidCredentials" time="4.957"/>
  <system-out/>
  <testcase classname="com.tutorials.qa.testcases.LoginTest" name="VerifyLoginWithValidCredentials" time="4.905"/>
  <system-out/>
  <testcase classname="com.tutorials.qa.testcases.LoginTest" name="VerifyLoginWithValidCredentials" time="5.124"/>
  <system-out/>
  <testcase classname="com.tutorials.qa.testcases.LoginTest" name="VerifyLoginWithValidCredentials" time="4.860"/>
  <system-out/>
  <testcase classname="com.tutorials.qa.testcases.LoginTest" name="VerifyLoginWithValidCredentials" time="4.884"/>
  <system-out/>
  <testcase classname="com.tutorials.qa.testcases.LoginTest" name="VerifyLoginWithValidCredentials" time="4.910"/>
  <system-out/>
  <testcase classname="com.tutorials.qa.testcases.LoginTest" name="VerifyLoginWithValidCredentials" time="4.974"/>
  <system-out/>
  <testcase classname="com.tutorials.qa.testcases.LoginTest" name="VerifyLoginWithINValidEmailAndinvalidPassword" time="4.769"/>
  <system-out/>
  <testcase classname="com.tutorials.qa.testcases.LoginTest" name="VerifyLoginWithINValidUsernameAndValidPassword" time="4.781"/>
  <system-out/>
  <testcase classname="com.tutorials.qa.testcases.LoginTest" name="VerifyNoUserNameandPassword1" time="4.629"/>
  <system-out/>
</testsuite> <!-- com.tutorials.qa.testcases.LoginTest -->
